log start::1 - - [02/Jul/2016:12:13:20 +0000] "GET / HTTP/1.1" 200 1659
::1 - - [02/Jul/2016:12:13:20 +0000] "GET /vendor/jquery/dist/jquery.min.js HTTP/1.1" 304 -
::1 - - [02/Jul/2016:12:13:20 +0000] "GET /vendor/Chart.js/Chart.min.js HTTP/1.1" 304 -
::1 - - [02/Jul/2016:12:13:20 +0000] "GET /vendor/font-awesome/css/font-awesome.min.css HTTP/1.1" 304 -
::1 - - [02/Jul/2016:12:13:20 +0000] "GET /vendor/angular-chart.js/dist/angular-chart.css HTTP/1.1" 304 -
::1 - - [02/Jul/2016:12:13:20 +0000] "GET /vendor/angular-toastr/dist/angular-toastr.css HTTP/1.1" 304 -
::1 - - [02/Jul/2016:12:13:20 +0000] "GET /vendor/angular/angular.js HTTP/1.1" 304 -
::1 - - [02/Jul/2016:12:13:20 +0000] "GET /vendor/angular-chart.js/dist/angular-chart.min.js HTTP/1.1" 304 -
::1 - - [02/Jul/2016:12:13:20 +0000] "GET /SPA/components/directives.js HTTP/1.1" 304 -
::1 - - [02/Jul/2016:12:13:20 +0000] "GET /stylesheets/style.css HTTP/1.1" 200 2683
::1 - - [02/Jul/2016:12:13:20 +0000] "GET /stylesheets/bootstrap.min.css HTTP/1.1" 200 118015
::1 - - [02/Jul/2016:12:13:20 +0000] "GET /vendor/bootstrap/dist/js/bootstrap.min.js HTTP/1.1" 304 -
::1 - - [02/Jul/2016:12:13:20 +0000] "GET /vendor/angular-toastr/dist/angular-toastr.min.js HTTP/1.1" 304 -
::1 - - [02/Jul/2016:12:13:20 +0000] "GET /SPA/components/factories.js HTTP/1.1" 304 -
::1 - - [02/Jul/2016:12:13:20 +0000] "GET /vendor/angular-route/angular-route.js HTTP/1.1" 304 -
::1 - - [02/Jul/2016:12:13:20 +0000] "GET /SPA/app.js HTTP/1.1" 304 -
::1 - - [02/Jul/2016:12:13:20 +0000] "GET /SPA/components/controllers.js HTTP/1.1" 200 23382
::1 - - [02/Jul/2016:12:13:20 +0000] "GET /SPA/components/services.js HTTP/1.1" 304 -
::1 - - [02/Jul/2016:12:13:20 +0000] "GET /SPA/components/security.js HTTP/1.1" 304 -
::1 - - [02/Jul/2016:12:13:20 +0000] "GET /SPA/components/constants.js HTTP/1.1" 304 -
::1 - - [02/Jul/2016:12:13:20 +0000] "GET /SPA/directives/footer.html HTTP/1.1" 200 1016
::1 - - [02/Jul/2016:12:13:20 +0000] "GET /SPA/directives/navigation.html HTTP/1.1" 200 1591
::1 - - [02/Jul/2016:12:13:20 +0000] "GET /views/userKitchenSelectionPage.html HTTP/1.1" 304 -
::1 - - [02/Jul/2016:12:13:20 +0000] "GET /images/elements-x-logo.png HTTP/1.1" 200 43391
::1 - - [02/Jul/2016:12:13:20 +0000] "GET /api/account/all HTTP/1.1" 200 2
::1 - - [02/Jul/2016:12:13:23 +0000] "GET / HTTP/1.1" 200 1659
::1 - - [02/Jul/2016:12:13:23 +0000] "GET /vendor/jquery/dist/jquery.min.js HTTP/1.1" 304 -
::1 - - [02/Jul/2016:12:13:23 +0000] "GET /vendor/Chart.js/Chart.min.js HTTP/1.1" 304 -
::1 - - [02/Jul/2016:12:13:23 +0000] "GET /vendor/angular-toastr/dist/angular-toastr.css HTTP/1.1" 304 -
::1 - - [02/Jul/2016:12:13:23 +0000] "GET /vendor/angular-chart.js/dist/angular-chart.css HTTP/1.1" 304 -
::1 - - [02/Jul/2016:12:13:23 +0000] "GET /vendor/angular/angular.js HTTP/1.1" 304 -
::1 - - [02/Jul/2016:12:13:23 +0000] "GET /stylesheets/style.css HTTP/1.1" 304 -
::1 - - [02/Jul/2016:12:13:23 +0000] "GET /stylesheets/bootstrap.min.css HTTP/1.1" 304 -
::1 - - [02/Jul/2016:12:13:23 +0000] "GET /vendor/font-awesome/css/font-awesome.min.css HTTP/1.1" 304 -
::1 - - [02/Jul/2016:12:13:23 +0000] "GET /vendor/angular-chart.js/dist/angular-chart.min.js HTTP/1.1" 304 -
::1 - - [02/Jul/2016:12:13:23 +0000] "GET /SPA/components/directives.js HTTP/1.1" 304 -
::1 - - [02/Jul/2016:12:13:23 +0000] "GET /vendor/angular-route/angular-route.js HTTP/1.1" 304 -
::1 - - [02/Jul/2016:12:13:23 +0000] "GET /SPA/components/services.js HTTP/1.1" 304 -
::1 - - [02/Jul/2016:12:13:23 +0000] "GET /SPA/app.js HTTP/1.1" 304 -
::1 - - [02/Jul/2016:12:13:23 +0000] "GET /vendor/angular-toastr/dist/angular-toastr.min.js HTTP/1.1" 304 -
::1 - - [02/Jul/2016:12:13:23 +0000] "GET /SPA/components/factories.js HTTP/1.1" 304 -
::1 - - [02/Jul/2016:12:13:23 +0000] "GET /vendor/bootstrap/dist/js/bootstrap.min.js HTTP/1.1" 304 -
::1 - - [02/Jul/2016:12:13:23 +0000] "GET /SPA/components/constants.js HTTP/1.1" 304 -
::1 - - [02/Jul/2016:12:13:23 +0000] "GET /SPA/components/controllers.js HTTP/1.1" 304 -
::1 - - [02/Jul/2016:12:13:23 +0000] "GET /SPA/components/security.js HTTP/1.1" 304 -
::1 - - [02/Jul/2016:12:13:23 +0000] "GET /SPA/directives/navigation.html HTTP/1.1" 304 -
::1 - - [02/Jul/2016:12:13:23 +0000] "GET /SPA/directives/footer.html HTTP/1.1" 304 -
::1 - - [02/Jul/2016:12:13:23 +0000] "GET /views/userKitchenSelectionPage.html HTTP/1.1" 304 -
::1 - - [02/Jul/2016:12:13:23 +0000] "GET /images/elements-x-logo.png HTTP/1.1" 304 -
::1 - - [02/Jul/2016:12:13:23 +0000] "GET /api/account/all HTTP/1.1" 304 -
::1 - - [02/Jul/2016:12:13:46 +0000] "GET / HTTP/1.1" 304 -
::1 - - [02/Jul/2016:12:13:46 +0000] "GET /vendor/jquery/dist/jquery.min.js HTTP/1.1" 304 -
::1 - - [02/Jul/2016:12:13:46 +0000] "GET /vendor/Chart.js/Chart.min.js HTTP/1.1" 304 -
::1 - - [02/Jul/2016:12:13:46 +0000] "GET /stylesheets/bootstrap.min.css HTTP/1.1" 304 -
::1 - - [02/Jul/2016:12:13:46 +0000] "GET /vendor/font-awesome/css/font-awesome.min.css HTTP/1.1" 304 -
::1 - - [02/Jul/2016:12:13:46 +0000] "GET /stylesheets/style.css HTTP/1.1" 304 -
::1 - - [02/Jul/2016:12:13:46 +0000] "GET /vendor/angular-chart.js/dist/angular-chart.css HTTP/1.1" 304 -
::1 - - [02/Jul/2016:12:13:46 +0000] "GET /vendor/angular-toastr/dist/angular-toastr.css HTTP/1.1" 304 -
::1 - - [02/Jul/2016:12:13:46 +0000] "GET /vendor/angular/angular.js HTTP/1.1" 304 -
::1 - - [02/Jul/2016:12:13:46 +0000] "GET /vendor/angular-chart.js/dist/angular-chart.min.js HTTP/1.1" 304 -
::1 - - [02/Jul/2016:12:13:46 +0000] "GET /SPA/components/directives.js HTTP/1.1" 304 -
::1 - - [02/Jul/2016:12:13:46 +0000] "GET /SPA/components/security.js HTTP/1.1" 304 -
::1 - - [02/Jul/2016:12:13:46 +0000] "GET /SPA/app.js HTTP/1.1" 304 -
::1 - - [02/Jul/2016:12:13:46 +0000] "GET /SPA/components/controllers.js HTTP/1.1" 304 -
::1 - - [02/Jul/2016:12:13:46 +0000] "GET /vendor/angular-route/angular-route.js HTTP/1.1" 304 -
::1 - - [02/Jul/2016:12:13:46 +0000] "GET /vendor/angular-toastr/dist/angular-toastr.min.js HTTP/1.1" 304 -
::1 - - [02/Jul/2016:12:13:46 +0000] "GET /SPA/components/factories.js HTTP/1.1" 304 -
::1 - - [02/Jul/2016:12:13:46 +0000] "GET /SPA/components/constants.js HTTP/1.1" 304 -
::1 - - [02/Jul/2016:12:13:46 +0000] "GET /SPA/components/services.js HTTP/1.1" 304 -
::1 - - [02/Jul/2016:12:13:46 +0000] "GET /vendor/bootstrap/dist/js/bootstrap.min.js HTTP/1.1" 304 -
::1 - - [02/Jul/2016:12:13:46 +0000] "GET /SPA/directives/footer.html HTTP/1.1" 304 -
::1 - - [02/Jul/2016:12:13:46 +0000] "GET /SPA/directives/navigation.html HTTP/1.1" 304 -
::1 - - [02/Jul/2016:12:13:46 +0000] "GET /views/userKitchenSelectionPage.html HTTP/1.1" 304 -
::1 - - [02/Jul/2016:12:13:46 +0000] "GET /images/elements-x-logo.png HTTP/1.1" 304 -
::1 - - [02/Jul/2016:12:13:46 +0000] "GET /api/account/all HTTP/1.1" 200 2989
::1 - - [02/Jul/2016:12:13:48 +0000] "GET /views/login.html HTTP/1.1" 304 -
::1 - - [02/Jul/2016:12:14:10 +0000] "POST /api/authenticate HTTP/1.1" 200 244
::1 - - [02/Jul/2016:12:14:10 +0000] "GET /vendor/font-awesome/fonts/fontawesome-webfont.woff?v=4.5.0 HTTP/1.1" 304 -
::1 - - [02/Jul/2016:12:14:10 +0000] "GET /views/adminDashboard.html HTTP/1.1" 304 -
::1 - - [02/Jul/2016:12:14:11 +0000] "GET /SPA/directives/dashboardSidebar.html HTTP/1.1" 304 -
::1 - - [02/Jul/2016:12:14:11 +0000] "GET /SPA/directives/adminCreateResidentForm.html HTTP/1.1" 304 -
::1 - - [02/Jul/2016:12:14:11 +0000] "GET /SPA/directives/adminCreateProductForm.html HTTP/1.1" 304 -
::1 - - [02/Jul/2016:12:14:11 +0000] "GET /SPA/directives/adminDashboardMain.html HTTP/1.1" 200 7035
::1 - - [02/Jul/2016:12:14:11 +0000] "GET /api/product/all HTTP/1.1" 200 1435
::1 - - [02/Jul/2016:12:14:11 +0000] "GET /admin/account/latest HTTP/1.1" 304 -
::1 - - [02/Jul/2016:12:16:30 +0000] "GET / HTTP/1.1" 200 1659
::1 - - [02/Jul/2016:12:16:30 +0000] "GET /vendor/angular-chart.js/dist/angular-chart.css HTTP/1.1" 304 -
::1 - - [02/Jul/2016:12:16:30 +0000] "GET /vendor/angular-toastr/dist/angular-toastr.css HTTP/1.1" 304 -
::1 - - [02/Jul/2016:12:16:30 +0000] "GET /vendor/jquery/dist/jquery.min.js HTTP/1.1" 304 -
::1 - - [02/Jul/2016:12:16:30 +0000] "GET /vendor/font-awesome/css/font-awesome.min.css HTTP/1.1" 304 -
::1 - - [02/Jul/2016:12:16:30 +0000] "GET /vendor/angular/angular.js HTTP/1.1" 304 -
::1 - - [02/Jul/2016:12:16:30 +0000] "GET /stylesheets/style.css HTTP/1.1" 200 2683
::1 - - [02/Jul/2016:12:16:30 +0000] "GET /vendor/Chart.js/Chart.min.js HTTP/1.1" 304 -
::1 - - [02/Jul/2016:12:16:30 +0000] "GET /vendor/angular-route/angular-route.js HTTP/1.1" 304 -
::1 - - [02/Jul/2016:12:16:30 +0000] "GET /vendor/bootstrap/dist/js/bootstrap.min.js HTTP/1.1" 304 -
::1 - - [02/Jul/2016:12:16:30 +0000] "GET /stylesheets/bootstrap.min.css HTTP/1.1" 200 118015
::1 - - [02/Jul/2016:12:16:30 +0000] "GET /vendor/angular-chart.js/dist/angular-chart.min.js HTTP/1.1" 304 -
::1 - - [02/Jul/2016:12:16:30 +0000] "GET /vendor/angular-toastr/dist/angular-toastr.min.js HTTP/1.1" 304 -
::1 - - [02/Jul/2016:12:16:30 +0000] "GET /SPA/components/directives.js HTTP/1.1" 304 -
::1 - - [02/Jul/2016:12:16:30 +0000] "GET /SPA/components/factories.js HTTP/1.1" 304 -
::1 - - [02/Jul/2016:12:16:30 +0000] "GET /SPA/components/security.js HTTP/1.1" 304 -
::1 - - [02/Jul/2016:12:16:30 +0000] "GET /SPA/components/controllers.js HTTP/1.1" 200 23391
::1 - - [02/Jul/2016:12:16:30 +0000] "GET /SPA/components/services.js HTTP/1.1" 304 -
::1 - - [02/Jul/2016:12:16:30 +0000] "GET /SPA/components/constants.js HTTP/1.1" 304 -
::1 - - [02/Jul/2016:12:16:30 +0000] "GET /SPA/app.js HTTP/1.1" 304 -
::1 - - [02/Jul/2016:12:16:31 +0000] "GET / HTTP/1.1" 304 -
::1 - - [02/Jul/2016:12:16:31 +0000] "GET /vendor/jquery/dist/jquery.min.js HTTP/1.1" 304 -
::1 - - [02/Jul/2016:12:16:31 +0000] "GET /stylesheets/bootstrap.min.css HTTP/1.1" 304 -
::1 - - [02/Jul/2016:12:16:31 +0000] "GET /stylesheets/style.css HTTP/1.1" 304 -
::1 - - [02/Jul/2016:12:16:31 +0000] "GET /vendor/angular-chart.js/dist/angular-chart.css HTTP/1.1" 304 -
::1 - - [02/Jul/2016:12:16:31 +0000] "GET /vendor/angular-toastr/dist/angular-toastr.css HTTP/1.1" 304 -
::1 - - [02/Jul/2016:12:16:31 +0000] "GET /vendor/font-awesome/css/font-awesome.min.css HTTP/1.1" 304 -
::1 - - [02/Jul/2016:12:16:31 +0000] "GET /vendor/Chart.js/Chart.min.js HTTP/1.1" 304 -
::1 - - [02/Jul/2016:12:16:31 +0000] "GET /vendor/angular/angular.js HTTP/1.1" 304 -
::1 - - [02/Jul/2016:12:16:31 +0000] "GET /vendor/angular-route/angular-route.js HTTP/1.1" 304 -
::1 - - [02/Jul/2016:12:16:31 +0000] "GET /vendor/angular-chart.js/dist/angular-chart.min.js HTTP/1.1" 304 -
::1 - - [02/Jul/2016:12:16:31 +0000] "GET /vendor/bootstrap/dist/js/bootstrap.min.js HTTP/1.1" 304 -
::1 - - [02/Jul/2016:12:16:31 +0000] "GET /vendor/angular-toastr/dist/angular-toastr.min.js HTTP/1.1" 304 -
::1 - - [02/Jul/2016:12:16:31 +0000] "GET /SPA/components/directives.js HTTP/1.1" 304 -
::1 - - [02/Jul/2016:12:16:31 +0000] "GET /SPA/components/factories.js HTTP/1.1" 304 -
::1 - - [02/Jul/2016:12:16:31 +0000] "GET /SPA/components/controllers.js HTTP/1.1" 304 -
::1 - - [02/Jul/2016:12:16:31 +0000] "GET /SPA/components/security.js HTTP/1.1" 304 -
::1 - - [02/Jul/2016:12:16:31 +0000] "GET /SPA/components/services.js HTTP/1.1" 304 -
::1 - - [02/Jul/2016:12:16:31 +0000] "GET /SPA/components/constants.js HTTP/1.1" 304 -
::1 - - [02/Jul/2016:12:16:31 +0000] "GET /SPA/app.js HTTP/1.1" 304 -
::1 - - [02/Jul/2016:12:16:31 +0000] "GET /stylesheets/maps/bootstrap.min.css.map HTTP/1.1" 200 397053
::1 - - [02/Jul/2016:12:16:31 +0000] "GET /SPA/directives/navigation.html HTTP/1.1" 200 1591
::1 - - [02/Jul/2016:12:16:31 +0000] "GET /SPA/directives/footer.html HTTP/1.1" 200 1016
::1 - - [02/Jul/2016:12:16:31 +0000] "GET /views/userKitchenSelectionPage.html HTTP/1.1" 304 -
::1 - - [02/Jul/2016:12:16:31 +0000] "GET /vendor/angular-chart.js/dist/angular-chart.min.js.map HTTP/1.1" 304 -
::1 - - [02/Jul/2016:12:16:31 +0000] "GET /images/elements-x-logo.png HTTP/1.1" 200 43391
::1 - - [02/Jul/2016:12:16:31 +0000] "GET /api/account/all HTTP/1.1" 200 2989
::1 - - [02/Jul/2016:12:16:32 +0000] "GET /favicon.ico HTTP/1.1" 404 1823
::1 - - [02/Jul/2016:12:16:32 +0000] "GET /views/userSelectionPage.html HTTP/1.1" 304 -
::1 - - [02/Jul/2016:12:16:33 +0000] "GET /api/getKitchenGroups HTTP/1.1" 200 744
::1 - - [02/Jul/2016:12:16:34 +0000] "GET /views/login.html HTTP/1.1" 304 -
::1 - - [02/Jul/2016:12:16:35 +0000] "GET /vendor/font-awesome/fonts/fontawesome-webfont.woff2?v=4.5.0 HTTP/1.1" 304 -
::1 - - [02/Jul/2016:12:16:35 +0000] "POST /api/authenticate HTTP/1.1" 200 244
::1 - - [02/Jul/2016:12:16:35 +0000] "GET /views/adminDashboard.html HTTP/1.1" 304 -
::1 - - [02/Jul/2016:12:16:35 +0000] "GET /SPA/directives/dashboardSidebar.html HTTP/1.1" 304 -
::1 - - [02/Jul/2016:12:16:35 +0000] "GET /SPA/directives/adminCreateResidentForm.html HTTP/1.1" 304 -
::1 - - [02/Jul/2016:12:16:35 +0000] "GET /SPA/directives/adminDashboardMain.html HTTP/1.1" 200 7036
::1 - - [02/Jul/2016:12:16:35 +0000] "GET /SPA/directives/adminCreateProductForm.html HTTP/1.1" 304 -
::1 - - [02/Jul/2016:12:16:35 +0000] "GET /api/product/all HTTP/1.1" 200 1435
::1 - - [02/Jul/2016:12:16:35 +0000] "GET /admin/account/latest HTTP/1.1" 304 -
::1 - - [02/Jul/2016:12:16:35 +0000] "GET /api/product/all HTTP/1.1" 304 -
::1 - - [02/Jul/2016:12:17:18 +0000] "GET / HTTP/1.1" 304 -
::1 - - [02/Jul/2016:12:17:18 +0000] "GET /vendor/jquery/dist/jquery.min.js HTTP/1.1" 304 -
::1 - - [02/Jul/2016:12:17:18 +0000] "GET /stylesheets/bootstrap.min.css HTTP/1.1" 304 -
::1 - - [02/Jul/2016:12:17:18 +0000] "GET /stylesheets/style.css HTTP/1.1" 304 -
::1 - - [02/Jul/2016:12:17:18 +0000] "GET /vendor/angular-chart.js/dist/angular-chart.css HTTP/1.1" 304 -
::1 - - [02/Jul/2016:12:17:18 +0000] "GET /vendor/angular-toastr/dist/angular-toastr.css HTTP/1.1" 304 -
::1 - - [02/Jul/2016:12:17:18 +0000] "GET /vendor/font-awesome/css/font-awesome.min.css HTTP/1.1" 304 -
::1 - - [02/Jul/2016:12:17:18 +0000] "GET /vendor/Chart.js/Chart.min.js HTTP/1.1" 304 -
::1 - - [02/Jul/2016:12:17:18 +0000] "GET /vendor/angular/angular.js HTTP/1.1" 304 -
::1 - - [02/Jul/2016:12:17:18 +0000] "GET /vendor/angular-route/angular-route.js HTTP/1.1" 304 -
::1 - - [02/Jul/2016:12:17:18 +0000] "GET /vendor/bootstrap/dist/js/bootstrap.min.js HTTP/1.1" 304 -
::1 - - [02/Jul/2016:12:17:18 +0000] "GET /vendor/angular-chart.js/dist/angular-chart.min.js HTTP/1.1" 304 -
::1 - - [02/Jul/2016:12:17:18 +0000] "GET /vendor/angular-toastr/dist/angular-toastr.min.js HTTP/1.1" 304 -
::1 - - [02/Jul/2016:12:17:18 +0000] "GET /SPA/components/directives.js HTTP/1.1" 304 -
::1 - - [02/Jul/2016:12:17:18 +0000] "GET /SPA/components/factories.js HTTP/1.1" 304 -
::1 - - [02/Jul/2016:12:17:18 +0000] "GET /SPA/components/security.js HTTP/1.1" 304 -
::1 - - [02/Jul/2016:12:17:18 +0000] "GET /SPA/components/services.js HTTP/1.1" 304 -
::1 - - [02/Jul/2016:12:17:18 +0000] "GET /SPA/components/constants.js HTTP/1.1" 304 -
::1 - - [02/Jul/2016:12:17:18 +0000] "GET /SPA/app.js HTTP/1.1" 304 -
::1 - - [02/Jul/2016:12:17:18 +0000] "GET /SPA/components/controllers.js HTTP/1.1" 200 23423
::1 - - [02/Jul/2016:12:17:18 +0000] "GET /stylesheets/maps/bootstrap.min.css.map HTTP/1.1" 304 -
::1 - - [02/Jul/2016:12:17:18 +0000] "GET /vendor/angular-chart.js/dist/angular-chart.min.js.map HTTP/1.1" 304 -
::1 - - [02/Jul/2016:12:17:18 +0000] "GET /SPA/directives/navigation.html HTTP/1.1" 304 -
::1 - - [02/Jul/2016:12:17:18 +0000] "GET /SPA/directives/footer.html HTTP/1.1" 304 -
::1 - - [02/Jul/2016:12:17:18 +0000] "GET /views/adminDashboard.html HTTP/1.1" 304 -
::1 - - [02/Jul/2016:12:17:18 +0000] "GET /images/elements-x-logo.png HTTP/1.1" 304 -
::1 - - [02/Jul/2016:12:17:18 +0000] "GET /SPA/directives/dashboardSidebar.html HTTP/1.1" 304 -
::1 - - [02/Jul/2016:12:17:18 +0000] "GET /SPA/directives/adminDashboardMain.html HTTP/1.1" 200 7033
::1 - - [02/Jul/2016:12:17:18 +0000] "GET /SPA/directives/adminCreateResidentForm.html HTTP/1.1" 304 -
::1 - - [02/Jul/2016:12:17:18 +0000] "GET /SPA/directives/adminCreateProductForm.html HTTP/1.1" 304 -
::1 - - [02/Jul/2016:12:17:18 +0000] "GET /api/product/all HTTP/1.1" 304 -
::1 - - [02/Jul/2016:12:17:18 +0000] "GET /admin/account/latest HTTP/1.1" 304 -
::1 - - [02/Jul/2016:12:17:19 +0000] "GET /api/account/all HTTP/1.1" 304 -
::1 - - [02/Jul/2016:12:17:19 +0000] "GET /api/product/all HTTP/1.1" 304 -
::1 - - [02/Jul/2016:12:17:55 +0000] "GET / HTTP/1.1" 304 -
::1 - - [02/Jul/2016:12:17:55 +0000] "GET /vendor/jquery/dist/jquery.min.js HTTP/1.1" 304 -
::1 - - [02/Jul/2016:12:17:55 +0000] "GET /stylesheets/bootstrap.min.css HTTP/1.1" 304 -
::1 - - [02/Jul/2016:12:17:55 +0000] "GET /stylesheets/style.css HTTP/1.1" 304 -
::1 - - [02/Jul/2016:12:17:55 +0000] "GET /vendor/angular-chart.js/dist/angular-chart.css HTTP/1.1" 304 -
::1 - - [02/Jul/2016:12:17:55 +0000] "GET /vendor/Chart.js/Chart.min.js HTTP/1.1" 304 -
::1 - - [02/Jul/2016:12:17:55 +0000] "GET /vendor/angular-toastr/dist/angular-toastr.css HTTP/1.1" 304 -
::1 - - [02/Jul/2016:12:17:55 +0000] "GET /vendor/font-awesome/css/font-awesome.min.css HTTP/1.1" 304 -
::1 - - [02/Jul/2016:12:17:55 +0000] "GET /vendor/angular/angular.js HTTP/1.1" 304 -
::1 - - [02/Jul/2016:12:17:55 +0000] "GET /vendor/angular-route/angular-route.js HTTP/1.1" 304 -
::1 - - [02/Jul/2016:12:17:55 +0000] "GET /vendor/bootstrap/dist/js/bootstrap.min.js HTTP/1.1" 304 -
::1 - - [02/Jul/2016:12:17:55 +0000] "GET /vendor/angular-chart.js/dist/angular-chart.min.js HTTP/1.1" 304 -
::1 - - [02/Jul/2016:12:17:55 +0000] "GET /vendor/angular-toastr/dist/angular-toastr.min.js HTTP/1.1" 304 -
::1 - - [02/Jul/2016:12:17:55 +0000] "GET /SPA/components/directives.js HTTP/1.1" 304 -
::1 - - [02/Jul/2016:12:17:55 +0000] "GET /SPA/components/factories.js HTTP/1.1" 304 -
::1 - - [02/Jul/2016:12:17:55 +0000] "GET /SPA/components/security.js HTTP/1.1" 304 -
::1 - - [02/Jul/2016:12:17:55 +0000] "GET /SPA/components/services.js HTTP/1.1" 304 -
::1 - - [02/Jul/2016:12:17:55 +0000] "GET /SPA/components/constants.js HTTP/1.1" 304 -
::1 - - [02/Jul/2016:12:17:55 +0000] "GET /SPA/app.js HTTP/1.1" 304 -
::1 - - [02/Jul/2016:12:17:55 +0000] "GET /SPA/components/controllers.js HTTP/1.1" 200 23486
::1 - - [02/Jul/2016:12:17:55 +0000] "GET /stylesheets/maps/bootstrap.min.css.map HTTP/1.1" 304 -
::1 - - [02/Jul/2016:12:17:55 +0000] "GET /SPA/directives/navigation.html HTTP/1.1" 304 -
::1 - - [02/Jul/2016:12:17:55 +0000] "GET /SPA/directives/footer.html HTTP/1.1" 304 -
::1 - - [02/Jul/2016:12:17:55 +0000] "GET /views/adminDashboard.html HTTP/1.1" 304 -
::1 - - [02/Jul/2016:12:17:55 +0000] "GET /vendor/angular-chart.js/dist/angular-chart.min.js.map HTTP/1.1" 304 -
::1 - - [02/Jul/2016:12:17:55 +0000] "GET /images/elements-x-logo.png HTTP/1.1" 304 -
::1 - - [02/Jul/2016:12:17:55 +0000] "GET /SPA/directives/dashboardSidebar.html HTTP/1.1" 304 -
::1 - - [02/Jul/2016:12:17:55 +0000] "GET /SPA/directives/adminDashboardMain.html HTTP/1.1" 304 -
::1 - - [02/Jul/2016:12:17:55 +0000] "GET /SPA/directives/adminCreateResidentForm.html HTTP/1.1" 304 -
::1 - - [02/Jul/2016:12:17:55 +0000] "GET /SPA/directives/adminCreateProductForm.html HTTP/1.1" 304 -
::1 - - [02/Jul/2016:12:17:55 +0000] "GET /api/product/all HTTP/1.1" 304 -
::1 - - [02/Jul/2016:12:17:55 +0000] "GET /admin/account/latest HTTP/1.1" 304 -
::1 - - [02/Jul/2016:12:17:56 +0000] "GET /api/account/all HTTP/1.1" 304 -
::1 - - [02/Jul/2016:12:17:56 +0000] "GET /api/product/all HTTP/1.1" 304 -
::1 - - [02/Jul/2016:12:17:56 +0000] "GET / HTTP/1.1" 304 -
::1 - - [02/Jul/2016:12:17:56 +0000] "GET /vendor/jquery/dist/jquery.min.js HTTP/1.1" 304 -
::1 - - [02/Jul/2016:12:17:56 +0000] "GET /stylesheets/bootstrap.min.css HTTP/1.1" 304 -
::1 - - [02/Jul/2016:12:17:56 +0000] "GET /stylesheets/style.css HTTP/1.1" 304 -
::1 - - [02/Jul/2016:12:17:56 +0000] "GET /vendor/angular-chart.js/dist/angular-chart.css HTTP/1.1" 304 -
::1 - - [02/Jul/2016:12:17:56 +0000] "GET /vendor/angular-toastr/dist/angular-toastr.css HTTP/1.1" 304 -
::1 - - [02/Jul/2016:12:17:56 +0000] "GET /vendor/font-awesome/css/font-awesome.min.css HTTP/1.1" 304 -
::1 - - [02/Jul/2016:12:17:56 +0000] "GET /vendor/Chart.js/Chart.min.js HTTP/1.1" 304 -
::1 - - [02/Jul/2016:12:17:56 +0000] "GET /vendor/angular/angular.js HTTP/1.1" 304 -
::1 - - [02/Jul/2016:12:17:56 +0000] "GET /vendor/angular-route/angular-route.js HTTP/1.1" 304 -
::1 - - [02/Jul/2016:12:17:56 +0000] "GET /vendor/bootstrap/dist/js/bootstrap.min.js HTTP/1.1" 304 -
::1 - - [02/Jul/2016:12:17:56 +0000] "GET /vendor/angular-chart.js/dist/angular-chart.min.js HTTP/1.1" 304 -
::1 - - [02/Jul/2016:12:17:56 +0000] "GET /vendor/angular-toastr/dist/angular-toastr.min.js HTTP/1.1" 304 -
::1 - - [02/Jul/2016:12:17:56 +0000] "GET /SPA/components/directives.js HTTP/1.1" 304 -
::1 - - [02/Jul/2016:12:17:56 +0000] "GET /SPA/components/factories.js HTTP/1.1" 304 -
::1 - - [02/Jul/2016:12:17:56 +0000] "GET /SPA/components/controllers.js HTTP/1.1" 304 -
::1 - - [02/Jul/2016:12:17:56 +0000] "GET /SPA/components/security.js HTTP/1.1" 304 -
::1 - - [02/Jul/2016:12:17:56 +0000] "GET /SPA/components/services.js HTTP/1.1" 304 -
::1 - - [02/Jul/2016:12:17:56 +0000] "GET /SPA/components/constants.js HTTP/1.1" 304 -
::1 - - [02/Jul/2016:12:17:56 +0000] "GET /SPA/app.js HTTP/1.1" 304 -
::1 - - [02/Jul/2016:12:17:56 +0000] "GET /stylesheets/maps/bootstrap.min.css.map HTTP/1.1" 304 -
::1 - - [02/Jul/2016:12:17:56 +0000] "GET /vendor/angular-chart.js/dist/angular-chart.min.js.map HTTP/1.1" 304 -
::1 - - [02/Jul/2016:12:17:57 +0000] "GET /SPA/directives/navigation.html HTTP/1.1" 304 -
::1 - - [02/Jul/2016:12:17:57 +0000] "GET /SPA/directives/footer.html HTTP/1.1" 304 -
::1 - - [02/Jul/2016:12:17:57 +0000] "GET /views/adminDashboard.html HTTP/1.1" 304 -
::1 - - [02/Jul/2016:12:17:57 +0000] "GET /images/elements-x-logo.png HTTP/1.1" 304 -
::1 - - [02/Jul/2016:12:17:57 +0000] "GET /SPA/directives/dashboardSidebar.html HTTP/1.1" 304 -
::1 - - [02/Jul/2016:12:17:57 +0000] "GET /SPA/directives/adminDashboardMain.html HTTP/1.1" 304 -
::1 - - [02/Jul/2016:12:17:57 +0000] "GET /SPA/directives/adminCreateResidentForm.html HTTP/1.1" 304 -
::1 - - [02/Jul/2016:12:17:57 +0000] "GET /SPA/directives/adminCreateProductForm.html HTTP/1.1" 304 -
::1 - - [02/Jul/2016:12:17:57 +0000] "GET /api/product/all HTTP/1.1" 304 -
::1 - - [02/Jul/2016:12:17:57 +0000] "GET /admin/account/latest HTTP/1.1" 304 -
::1 - - [02/Jul/2016:12:17:57 +0000] "GET /api/account/all HTTP/1.1" 304 -
::1 - - [02/Jul/2016:12:17:57 +0000] "GET /api/product/all HTTP/1.1" 304 -
::1 - - [02/Jul/2016:12:18:29 +0000] "GET / HTTP/1.1" 304 -
::1 - - [02/Jul/2016:12:18:29 +0000] "GET /vendor/jquery/dist/jquery.min.js HTTP/1.1" 304 -
::1 - - [02/Jul/2016:12:18:29 +0000] "GET /stylesheets/bootstrap.min.css HTTP/1.1" 304 -
::1 - - [02/Jul/2016:12:18:29 +0000] "GET /stylesheets/style.css HTTP/1.1" 304 -
::1 - - [02/Jul/2016:12:18:29 +0000] "GET /vendor/angular-chart.js/dist/angular-chart.css HTTP/1.1" 304 -
::1 - - [02/Jul/2016:12:18:29 +0000] "GET /vendor/angular-toastr/dist/angular-toastr.css HTTP/1.1" 304 -
::1 - - [02/Jul/2016:12:18:29 +0000] "GET /vendor/font-awesome/css/font-awesome.min.css HTTP/1.1" 304 -
::1 - - [02/Jul/2016:12:18:29 +0000] "GET /vendor/Chart.js/Chart.min.js HTTP/1.1" 304 -
::1 - - [02/Jul/2016:12:18:29 +0000] "GET /vendor/angular/angular.js HTTP/1.1" 304 -
::1 - - [02/Jul/2016:12:18:29 +0000] "GET /vendor/angular-route/angular-route.js HTTP/1.1" 304 -
::1 - - [02/Jul/2016:12:18:29 +0000] "GET /vendor/bootstrap/dist/js/bootstrap.min.js HTTP/1.1" 304 -
::1 - - [02/Jul/2016:12:18:29 +0000] "GET /vendor/angular-chart.js/dist/angular-chart.min.js HTTP/1.1" 304 -
::1 - - [02/Jul/2016:12:18:29 +0000] "GET /vendor/angular-toastr/dist/angular-toastr.min.js HTTP/1.1" 304 -
::1 - - [02/Jul/2016:12:18:29 +0000] "GET /SPA/components/directives.js HTTP/1.1" 304 -
::1 - - [02/Jul/2016:12:18:29 +0000] "GET /SPA/components/factories.js HTTP/1.1" 304 -
::1 - - [02/Jul/2016:12:18:29 +0000] "GET /SPA/components/security.js HTTP/1.1" 304 -
::1 - - [02/Jul/2016:12:18:29 +0000] "GET /SPA/components/services.js HTTP/1.1" 304 -
::1 - - [02/Jul/2016:12:18:29 +0000] "GET /SPA/components/constants.js HTTP/1.1" 304 -
::1 - - [02/Jul/2016:12:18:29 +0000] "GET /SPA/app.js HTTP/1.1" 304 -
::1 - - [02/Jul/2016:12:18:29 +0000] "GET /SPA/components/controllers.js HTTP/1.1" 200 23500
::1 - - [02/Jul/2016:12:18:29 +0000] "GET /stylesheets/maps/bootstrap.min.css.map HTTP/1.1" 304 -
::1 - - [02/Jul/2016:12:18:30 +0000] "GET /vendor/angular-chart.js/dist/angular-chart.min.js.map HTTP/1.1" 304 -
::1 - - [02/Jul/2016:12:18:30 +0000] "GET /SPA/directives/navigation.html HTTP/1.1" 304 -
::1 - - [02/Jul/2016:12:18:30 +0000] "GET /SPA/directives/footer.html HTTP/1.1" 304 -
::1 - - [02/Jul/2016:12:18:30 +0000] "GET /views/adminDashboard.html HTTP/1.1" 304 -
::1 - - [02/Jul/2016:12:18:30 +0000] "GET /images/elements-x-logo.png HTTP/1.1" 304 -
::1 - - [02/Jul/2016:12:18:30 +0000] "GET /SPA/directives/dashboardSidebar.html HTTP/1.1" 304 -
::1 - - [02/Jul/2016:12:18:30 +0000] "GET /SPA/directives/adminDashboardMain.html HTTP/1.1" 304 -
::1 - - [02/Jul/2016:12:18:30 +0000] "GET /SPA/directives/adminCreateResidentForm.html HTTP/1.1" 304 -
::1 - - [02/Jul/2016:12:18:30 +0000] "GET /SPA/directives/adminCreateProductForm.html HTTP/1.1" 304 -
::1 - - [02/Jul/2016:12:18:30 +0000] "GET /api/product/all HTTP/1.1" 304 -
::1 - - [02/Jul/2016:12:18:30 +0000] "GET /admin/account/latest HTTP/1.1" 304 -
::1 - - [02/Jul/2016:12:18:30 +0000] "GET /api/account/all HTTP/1.1" 304 -
::1 - - [02/Jul/2016:12:18:30 +0000] "GET /api/product/all HTTP/1.1" 304 -
::1 - - [02/Jul/2016:12:18:37 +0000] "PUT /admin/cbs/withdraw HTTP/1.1" 200 148
::1 - - [02/Jul/2016:12:18:43 +0000] "PUT /admin/cbs/withdraw HTTP/1.1" 200 148
::1 - - [02/Jul/2016:12:18:46 +0000] "PUT /admin/cbs/withdraw HTTP/1.1" 200 148
::1 - - [02/Jul/2016:12:18:49 +0000] "GET / HTTP/1.1" 304 -
::1 - - [02/Jul/2016:12:18:50 +0000] "GET /vendor/jquery/dist/jquery.min.js HTTP/1.1" 304 -
::1 - - [02/Jul/2016:12:18:50 +0000] "GET /stylesheets/bootstrap.min.css HTTP/1.1" 304 -
::1 - - [02/Jul/2016:12:18:50 +0000] "GET /vendor/angular-chart.js/dist/angular-chart.css HTTP/1.1" 304 -
::1 - - [02/Jul/2016:12:18:50 +0000] "GET /stylesheets/style.css HTTP/1.1" 304 -
::1 - - [02/Jul/2016:12:18:50 +0000] "GET /vendor/angular-toastr/dist/angular-toastr.css HTTP/1.1" 304 -
::1 - - [02/Jul/2016:12:18:50 +0000] "GET /vendor/font-awesome/css/font-awesome.min.css HTTP/1.1" 304 -
::1 - - [02/Jul/2016:12:18:50 +0000] "GET /vendor/Chart.js/Chart.min.js HTTP/1.1" 304 -
::1 - - [02/Jul/2016:12:18:50 +0000] "GET /vendor/angular/angular.js HTTP/1.1" 304 -
::1 - - [02/Jul/2016:12:18:50 +0000] "GET /vendor/angular-route/angular-route.js HTTP/1.1" 304 -
::1 - - [02/Jul/2016:12:18:50 +0000] "GET /vendor/bootstrap/dist/js/bootstrap.min.js HTTP/1.1" 304 -
::1 - - [02/Jul/2016:12:18:50 +0000] "GET /vendor/angular-chart.js/dist/angular-chart.min.js HTTP/1.1" 304 -
::1 - - [02/Jul/2016:12:18:50 +0000] "GET /vendor/angular-toastr/dist/angular-toastr.min.js HTTP/1.1" 304 -
::1 - - [02/Jul/2016:12:18:50 +0000] "GET /SPA/components/directives.js HTTP/1.1" 304 -
::1 - - [02/Jul/2016:12:18:50 +0000] "GET /SPA/components/factories.js HTTP/1.1" 304 -
::1 - - [02/Jul/2016:12:18:50 +0000] "GET /SPA/components/controllers.js HTTP/1.1" 304 -
::1 - - [02/Jul/2016:12:18:50 +0000] "GET /SPA/components/security.js HTTP/1.1" 304 -
::1 - - [02/Jul/2016:12:18:50 +0000] "GET /SPA/components/services.js HTTP/1.1" 304 -
::1 - - [02/Jul/2016:12:18:50 +0000] "GET /SPA/components/constants.js HTTP/1.1" 304 -
::1 - - [02/Jul/2016:12:18:50 +0000] "GET /SPA/app.js HTTP/1.1" 304 -
::1 - - [02/Jul/2016:12:18:50 +0000] "GET /stylesheets/maps/bootstrap.min.css.map HTTP/1.1" 304 -
::1 - - [02/Jul/2016:12:18:50 +0000] "GET /vendor/angular-chart.js/dist/angular-chart.min.js.map HTTP/1.1" 304 -
::1 - - [02/Jul/2016:12:18:50 +0000] "GET /SPA/directives/navigation.html HTTP/1.1" 304 -
::1 - - [02/Jul/2016:12:18:50 +0000] "GET /SPA/directives/footer.html HTTP/1.1" 304 -
::1 - - [02/Jul/2016:12:18:50 +0000] "GET /views/adminDashboard.html HTTP/1.1" 304 -
::1 - - [02/Jul/2016:12:18:50 +0000] "GET /images/elements-x-logo.png HTTP/1.1" 304 -
::1 - - [02/Jul/2016:12:18:50 +0000] "GET /SPA/directives/dashboardSidebar.html HTTP/1.1" 304 -
::1 - - [02/Jul/2016:12:18:50 +0000] "GET /SPA/directives/adminDashboardMain.html HTTP/1.1" 304 -
::1 - - [02/Jul/2016:12:18:50 +0000] "GET /SPA/directives/adminCreateResidentForm.html HTTP/1.1" 304 -
::1 - - [02/Jul/2016:12:18:50 +0000] "GET /SPA/directives/adminCreateProductForm.html HTTP/1.1" 304 -
::1 - - [02/Jul/2016:12:18:50 +0000] "GET /api/product/all HTTP/1.1" 304 -
::1 - - [02/Jul/2016:12:18:50 +0000] "GET /admin/account/latest HTTP/1.1" 304 -
::1 - - [02/Jul/2016:12:18:50 +0000] "GET /api/account/all HTTP/1.1" 200 2990
::1 - - [02/Jul/2016:12:18:50 +0000] "GET /api/product/all HTTP/1.1" 304 -
::1 - - [02/Jul/2016:12:18:52 +0000] "GET /views/adminAccounts.html HTTP/1.1" 304 -
::1 - - [02/Jul/2016:12:18:52 +0000] "GET /api/product/all HTTP/1.1" 304 -
::1 - - [02/Jul/2016:12:19:28 +0000] "GET / HTTP/1.1" 304 -
::1 - - [02/Jul/2016:12:19:28 +0000] "GET /vendor/jquery/dist/jquery.min.js HTTP/1.1" 304 -
::1 - - [02/Jul/2016:12:19:28 +0000] "GET /stylesheets/bootstrap.min.css HTTP/1.1" 304 -
::1 - - [02/Jul/2016:12:19:28 +0000] "GET /stylesheets/style.css HTTP/1.1" 304 -
::1 - - [02/Jul/2016:12:19:28 +0000] "GET /vendor/angular-chart.js/dist/angular-chart.css HTTP/1.1" 304 -
::1 - - [02/Jul/2016:12:19:28 +0000] "GET /vendor/angular-toastr/dist/angular-toastr.css HTTP/1.1" 304 -
::1 - - [02/Jul/2016:12:19:28 +0000] "GET /vendor/font-awesome/css/font-awesome.min.css HTTP/1.1" 304 -
::1 - - [02/Jul/2016:12:19:28 +0000] "GET /vendor/Chart.js/Chart.min.js HTTP/1.1" 304 -
::1 - - [02/Jul/2016:12:19:28 +0000] "GET /vendor/angular/angular.js HTTP/1.1" 304 -
::1 - - [02/Jul/2016:12:19:28 +0000] "GET /vendor/angular-route/angular-route.js HTTP/1.1" 304 -
::1 - - [02/Jul/2016:12:19:28 +0000] "GET /vendor/bootstrap/dist/js/bootstrap.min.js HTTP/1.1" 304 -
::1 - - [02/Jul/2016:12:19:28 +0000] "GET /vendor/angular-chart.js/dist/angular-chart.min.js HTTP/1.1" 304 -
::1 - - [02/Jul/2016:12:19:28 +0000] "GET /vendor/angular-toastr/dist/angular-toastr.min.js HTTP/1.1" 304 -
::1 - - [02/Jul/2016:12:19:28 +0000] "GET /SPA/components/directives.js HTTP/1.1" 304 -
::1 - - [02/Jul/2016:12:19:28 +0000] "GET /SPA/components/factories.js HTTP/1.1" 304 -
::1 - - [02/Jul/2016:12:19:28 +0000] "GET /SPA/components/security.js HTTP/1.1" 304 -
::1 - - [02/Jul/2016:12:19:28 +0000] "GET /SPA/components/services.js HTTP/1.1" 304 -
::1 - - [02/Jul/2016:12:19:28 +0000] "GET /SPA/components/constants.js HTTP/1.1" 304 -
::1 - - [02/Jul/2016:12:19:28 +0000] "GET /SPA/app.js HTTP/1.1" 304 -
::1 - - [02/Jul/2016:12:19:28 +0000] "GET /SPA/components/controllers.js HTTP/1.1" 200 23501
::1 - - [02/Jul/2016:12:19:28 +0000] "GET /stylesheets/maps/bootstrap.min.css.map HTTP/1.1" 304 -
::1 - - [02/Jul/2016:12:19:29 +0000] "GET /vendor/angular-chart.js/dist/angular-chart.min.js.map HTTP/1.1" 304 -
::1 - - [02/Jul/2016:12:19:29 +0000] "GET /SPA/directives/navigation.html HTTP/1.1" 304 -
::1 - - [02/Jul/2016:12:19:29 +0000] "GET /SPA/directives/footer.html HTTP/1.1" 304 -
::1 - - [02/Jul/2016:12:19:29 +0000] "GET /views/adminAccounts.html HTTP/1.1" 304 -
::1 - - [02/Jul/2016:12:19:29 +0000] "GET /images/elements-x-logo.png HTTP/1.1" 304 -
::1 - - [02/Jul/2016:12:19:29 +0000] "GET /SPA/directives/dashboardSidebar.html HTTP/1.1" 304 -
::1 - - [02/Jul/2016:12:19:29 +0000] "GET /api/account/all HTTP/1.1" 304 -
::1 - - [02/Jul/2016:12:19:29 +0000] "GET /api/product/all HTTP/1.1" 304 -
::1 - - [02/Jul/2016:12:19:33 +0000] "GET /views/adminDashboard.html HTTP/1.1" 304 -
::1 - - [02/Jul/2016:12:19:33 +0000] "GET /SPA/directives/adminDashboardMain.html HTTP/1.1" 304 -
::1 - - [02/Jul/2016:12:19:33 +0000] "GET /SPA/directives/adminCreateResidentForm.html HTTP/1.1" 304 -
::1 - - [02/Jul/2016:12:19:33 +0000] "GET /SPA/directives/adminCreateProductForm.html HTTP/1.1" 304 -
::1 - - [02/Jul/2016:12:19:33 +0000] "GET /api/product/all HTTP/1.1" 304 -
::1 - - [02/Jul/2016:12:19:33 +0000] "GET /admin/account/latest HTTP/1.1" 304 -
::1 - - [02/Jul/2016:12:19:33 +0000] "GET /api/product/all HTTP/1.1" 304 -
::1 - - [02/Jul/2016:12:19:42 +0000] "PUT /admin/cbs/withdraw HTTP/1.1" 200 156
::1 - - [02/Jul/2016:12:19:46 +0000] "PUT /admin/cbs/withdraw HTTP/1.1" 200 156
::1 - - [02/Jul/2016:12:19:54 +0000] "PUT /admin/cbs/withdraw HTTP/1.1" 200 157
::1 - - [02/Jul/2016:12:19:56 +0000] "GET / HTTP/1.1" 304 -
::1 - - [02/Jul/2016:12:19:56 +0000] "GET /vendor/jquery/dist/jquery.min.js HTTP/1.1" 304 -
::1 - - [02/Jul/2016:12:19:56 +0000] "GET /stylesheets/bootstrap.min.css HTTP/1.1" 304 -
::1 - - [02/Jul/2016:12:19:56 +0000] "GET /stylesheets/style.css HTTP/1.1" 304 -
::1 - - [02/Jul/2016:12:19:56 +0000] "GET /vendor/angular-chart.js/dist/angular-chart.css HTTP/1.1" 304 -
::1 - - [02/Jul/2016:12:19:56 +0000] "GET /vendor/angular-toastr/dist/angular-toastr.css HTTP/1.1" 304 -
::1 - - [02/Jul/2016:12:19:56 +0000] "GET /vendor/font-awesome/css/font-awesome.min.css HTTP/1.1" 304 -
::1 - - [02/Jul/2016:12:19:56 +0000] "GET /vendor/Chart.js/Chart.min.js HTTP/1.1" 304 -
::1 - - [02/Jul/2016:12:19:56 +0000] "GET /vendor/angular/angular.js HTTP/1.1" 304 -
::1 - - [02/Jul/2016:12:19:56 +0000] "GET /vendor/angular-route/angular-route.js HTTP/1.1" 304 -
::1 - - [02/Jul/2016:12:19:56 +0000] "GET /vendor/bootstrap/dist/js/bootstrap.min.js HTTP/1.1" 304 -
::1 - - [02/Jul/2016:12:19:56 +0000] "GET /vendor/angular-chart.js/dist/angular-chart.min.js HTTP/1.1" 304 -
::1 - - [02/Jul/2016:12:19:56 +0000] "GET /vendor/angular-toastr/dist/angular-toastr.min.js HTTP/1.1" 304 -
::1 - - [02/Jul/2016:12:19:56 +0000] "GET /SPA/components/services.js HTTP/1.1" 304 -
::1 - - [02/Jul/2016:12:19:56 +0000] "GET /SPA/components/directives.js HTTP/1.1" 304 -
::1 - - [02/Jul/2016:12:19:56 +0000] "GET /SPA/components/factories.js HTTP/1.1" 304 -
::1 - - [02/Jul/2016:12:19:56 +0000] "GET /SPA/components/controllers.js HTTP/1.1" 304 -
::1 - - [02/Jul/2016:12:19:56 +0000] "GET /SPA/components/security.js HTTP/1.1" 304 -
::1 - - [02/Jul/2016:12:19:56 +0000] "GET /SPA/components/constants.js HTTP/1.1" 304 -
::1 - - [02/Jul/2016:12:19:56 +0000] "GET /SPA/app.js HTTP/1.1" 304 -
::1 - - [02/Jul/2016:12:19:56 +0000] "GET /stylesheets/maps/bootstrap.min.css.map HTTP/1.1" 304 -
::1 - - [02/Jul/2016:12:19:56 +0000] "GET /vendor/angular-chart.js/dist/angular-chart.min.js.map HTTP/1.1" 304 -
::1 - - [02/Jul/2016:12:19:56 +0000] "GET /SPA/directives/navigation.html HTTP/1.1" 304 -
::1 - - [02/Jul/2016:12:19:56 +0000] "GET /SPA/directives/footer.html HTTP/1.1" 304 -
::1 - - [02/Jul/2016:12:19:56 +0000] "GET /views/adminDashboard.html HTTP/1.1" 304 -
::1 - - [02/Jul/2016:12:19:56 +0000] "GET /images/elements-x-logo.png HTTP/1.1" 304 -
::1 - - [02/Jul/2016:12:19:56 +0000] "GET /SPA/directives/dashboardSidebar.html HTTP/1.1" 304 -
::1 - - [02/Jul/2016:12:19:56 +0000] "GET /SPA/directives/adminDashboardMain.html HTTP/1.1" 304 -
::1 - - [02/Jul/2016:12:19:56 +0000] "GET /SPA/directives/adminCreateResidentForm.html HTTP/1.1" 304 -
::1 - - [02/Jul/2016:12:19:56 +0000] "GET /SPA/directives/adminCreateProductForm.html HTTP/1.1" 304 -
::1 - - [02/Jul/2016:12:19:56 +0000] "GET /api/product/all HTTP/1.1" 304 -
::1 - - [02/Jul/2016:12:19:56 +0000] "GET /admin/account/latest HTTP/1.1" 304 -
::1 - - [02/Jul/2016:12:19:57 +0000] "GET /api/account/all HTTP/1.1" 200 2994
::1 - - [02/Jul/2016:12:19:57 +0000] "GET /api/product/all HTTP/1.1" 304 -
::1 - - [02/Jul/2016:12:19:59 +0000] "GET /views/adminAccounts.html HTTP/1.1" 304 -
::1 - - [02/Jul/2016:12:19:59 +0000] "GET /api/product/all HTTP/1.1" 304 -
::1 - - [02/Jul/2016:12:20:13 +0000] "GET /api/product/all HTTP/1.1" 304 -
::1 - - [02/Jul/2016:12:20:13 +0000] "GET /admin/account/latest HTTP/1.1" 304 -
::1 - - [02/Jul/2016:12:20:13 +0000] "GET /api/product/all HTTP/1.1" 304 -
